<?xml version="1.0" encoding="UTF-8"?>
<testng-results ignored="0" total="3" passed="3" failed="0" skipped="0">
  <reporter-output>
  </reporter-output>
  <suite started-at="2024-04-23T12:21:39 IST" name="Default suite" finished-at="2024-04-23T12:24:08 IST" duration-ms="149392">
    <groups>
      <group name="cucumber">
        <method signature="AbstractTestNGCucumberTests.runScenario(io.cucumber.testng.PickleWrapper,io.cucumber.testng.FeatureWrapper)[pri:0, instance:testRunner.TestRunner@247310d0]" name="runScenario" class="io.cucumber.testng.AbstractTestNGCucumberTests"/>
      </group> <!-- cucumber -->
    </groups>
    <test started-at="2024-04-23T12:21:39 IST" name="Default test" finished-at="2024-04-23T12:24:08 IST" duration-ms="149392">
      <class name="testRunner.TestRunner">
        <test-method is-config="true" signature="setUpClass(org.testng.ITestContext)[pri:0, instance:testRunner.TestRunner@247310d0]" started-at="2024-04-23T12:21:39 IST" name="setUpClass" finished-at="2024-04-23T12:21:41 IST" duration-ms="2355" status="PASS">
          <params>
            <param index="0">
              <value>
                <![CDATA[org.testng.TestRunner@16c0be3b]]>
              </value>
            </param>
          </params>
          <reporter-output>
          </reporter-output>
        </test-method> <!-- setUpClass -->
        <test-method signature="runScenario(io.cucumber.testng.PickleWrapper,io.cucumber.testng.FeatureWrapper)[pri:0, instance:testRunner.TestRunner@247310d0]" started-at="2024-04-23T12:21:41 IST" name="runScenario" description="Runs Cucumber Scenarios" data-provider="scenarios" finished-at="2024-04-23T12:22:28 IST" duration-ms="47303" status="PASS">
          <params>
            <param index="0">
              <value>
                <![CDATA["Successfully Getting The Car Service Names and Booking Amount"]]>
              </value>
            </param>
            <param index="1">
              <value>
                <![CDATA["Getting Car Service Details"]]>
              </value>
            </param>
          </params>
          <reporter-output>
          </reporter-output>
        </test-method> <!-- runScenario -->
        <test-method signature="runScenario(io.cucumber.testng.PickleWrapper,io.cucumber.testng.FeatureWrapper)[pri:0, instance:testRunner.TestRunner@247310d0]" started-at="2024-04-23T12:22:28 IST" name="runScenario" description="Runs Cucumber Scenarios" data-provider="scenarios" finished-at="2024-04-23T12:22:46 IST" duration-ms="18029" status="PASS">
          <params>
            <param index="0">
              <value>
                <![CDATA["Invalid Register Credentials"]]>
              </value>
            </param>
            <param index="1">
              <value>
                <![CDATA["Error Message Display"]]>
              </value>
            </param>
          </params>
          <reporter-output>
          </reporter-output>
        </test-method> <!-- runScenario -->
        <test-method signature="runScenario(io.cucumber.testng.PickleWrapper,io.cucumber.testng.FeatureWrapper)[pri:0, instance:testRunner.TestRunner@247310d0]" started-at="2024-04-23T12:22:46 IST" name="runScenario" description="Runs Cucumber Scenarios" data-provider="scenarios" finished-at="2024-04-23T12:23:29 IST" duration-ms="43122" status="PASS">
          <params>
            <param index="0">
              <value>
                <![CDATA["Different Car Service Addresses of the State and City"]]>
              </value>
            </param>
            <param index="1">
              <value>
                <![CDATA["Service Address Display"]]>
              </value>
            </param>
          </params>
          <reporter-output>
          </reporter-output>
        </test-method> <!-- runScenario -->
        <test-method is-config="true" signature="tearDownClass()[pri:0, instance:testRunner.TestRunner@247310d0]" started-at="2024-04-23T12:23:29 IST" name="tearDownClass" finished-at="2024-04-23T12:24:08 IST" duration-ms="38473" status="FAIL">
          <exception class="java.lang.RuntimeException">
            <message>
              <![CDATA[java.io.IOException: HTTP request failed:
> PUT https://cucumber-messages-app-s3bucket-61aropwgu4ox.s3.eu-west-3.amazonaws.com/reports/313e5483-65e2-4e30-90d9-5879076e143b?X-Amz-Algorithm=AWS4-HMAC-SHA256&X-Amz-Credential=ASIAWE4HTFKNYMCTPTGA%2F20240423%2Feu-west-3%2Fs3%2Faws4_request&X-Amz-Date=20240423T065346Z&X-Amz-Expires=900&X-Amz-Security-Token=IQoJb3JpZ2luX2VjECYaCWV1LXdlc3QtMyJIMEYCIQC2mD9q1Jca7rm6UuTRQ8lcPNA660s%2FTBoPywhfUMkAxgIhANzCfj1uiyQzKSyxOIcU8j8oRIJFxnrDeXZRv3KvUukNKr0DCG4QAxoMNDIyODAxNzc5MzU1Igwlfk6SnHFFDn0U28oqmgMUieNfLz4V6%2F4pn14dh3c2Ct%2BXYbRz%2FRG4lynk8QX%2FUMJ%2BRlJBW89AKMwYYXwwlH3FW5r0nrGRZaSSKEkVxnwEg%2FX%2FS54Rh9ZYUBa1O3TUopCVkMsnMJJ5IFzK3%2FEkvHpQIHpexBxirl%2BZcD2xC5u1ejB6JysoKHYFdtZCwCS4%2BuO%2BSW5DFJmUoQMO4nDFHChgK3lVwe46D7q%2BHAFeBdk9cwgR8eFxvtktdM%2FASVUgpfk%2F9MHTQQjiEbd34AZ0%2F9pV3j4kOaTl3JFzSGkyD8q4DzQefVHsuh0xHxHt3o3YrfN1xL2Tsy4w7%2BrJ5NgTSvvJs8qQWQLcRnAJPR%2FPZijJDdML87QQeFf1H51LkksHN6ajSB5Jt9wGM1EVf8P%2FGSlqCi0tmkau7%2F8SX3WM8ZEQ4oRRBBwp0wCUBw1TedNuuTLk3sLnNc1f%2FxfKjv59oqQ%2FLudFAknDLITwjRQwa9vq3PbLsgZOVYKtE%2FtjPJq9qe9d6he4DVunu32Hj8vL%2FGxUPqHhIRUO5fTR1%2F2aFI9ev5MaYko%2Bz6nwXjCXiJ2xBjqdAQuqoXpSlTsBToJW4x%2FlVdYtHYkr9JFFt15qE51vPiyUnYlB5say30Uja%2FTAhBDsGGkm%2FVMLh%2FFsb6gej%2BslUK20f4Y3cgJney3rHS1GTmVwj7Ht%2FyDHM6grRO%2BSA0Qu35brw%2BNsIJ6G3wilkPvWTe5bONw5bSNRswqXma6IaRHthnLtagm6CgxOoAjnrZEqxCaM3VO3duxdj03sZt0%3D&X-Amz-Signature=3252688b5136a96c187f0af16ee3f5a1e11eaf7dcfb1b26cc6e255b45827b8c2&X-Amz-SignedHeaders=host

]]>
            </message>
            <full-stacktrace>
              <![CDATA[java.lang.RuntimeException: java.io.IOException: HTTP request failed:
> PUT https://cucumber-messages-app-s3bucket-61aropwgu4ox.s3.eu-west-3.amazonaws.com/reports/313e5483-65e2-4e30-90d9-5879076e143b?X-Amz-Algorithm=AWS4-HMAC-SHA256&X-Amz-Credential=ASIAWE4HTFKNYMCTPTGA%2F20240423%2Feu-west-3%2Fs3%2Faws4_request&X-Amz-Date=20240423T065346Z&X-Amz-Expires=900&X-Amz-Security-Token=IQoJb3JpZ2luX2VjECYaCWV1LXdlc3QtMyJIMEYCIQC2mD9q1Jca7rm6UuTRQ8lcPNA660s%2FTBoPywhfUMkAxgIhANzCfj1uiyQzKSyxOIcU8j8oRIJFxnrDeXZRv3KvUukNKr0DCG4QAxoMNDIyODAxNzc5MzU1Igwlfk6SnHFFDn0U28oqmgMUieNfLz4V6%2F4pn14dh3c2Ct%2BXYbRz%2FRG4lynk8QX%2FUMJ%2BRlJBW89AKMwYYXwwlH3FW5r0nrGRZaSSKEkVxnwEg%2FX%2FS54Rh9ZYUBa1O3TUopCVkMsnMJJ5IFzK3%2FEkvHpQIHpexBxirl%2BZcD2xC5u1ejB6JysoKHYFdtZCwCS4%2BuO%2BSW5DFJmUoQMO4nDFHChgK3lVwe46D7q%2BHAFeBdk9cwgR8eFxvtktdM%2FASVUgpfk%2F9MHTQQjiEbd34AZ0%2F9pV3j4kOaTl3JFzSGkyD8q4DzQefVHsuh0xHxHt3o3YrfN1xL2Tsy4w7%2BrJ5NgTSvvJs8qQWQLcRnAJPR%2FPZijJDdML87QQeFf1H51LkksHN6ajSB5Jt9wGM1EVf8P%2FGSlqCi0tmkau7%2F8SX3WM8ZEQ4oRRBBwp0wCUBw1TedNuuTLk3sLnNc1f%2FxfKjv59oqQ%2FLudFAknDLITwjRQwa9vq3PbLsgZOVYKtE%2FtjPJq9qe9d6he4DVunu32Hj8vL%2FGxUPqHhIRUO5fTR1%2F2aFI9ev5MaYko%2Bz6nwXjCXiJ2xBjqdAQuqoXpSlTsBToJW4x%2FlVdYtHYkr9JFFt15qE51vPiyUnYlB5say30Uja%2FTAhBDsGGkm%2FVMLh%2FFsb6gej%2BslUK20f4Y3cgJney3rHS1GTmVwj7Ht%2FyDHM6grRO%2BSA0Qu35brw%2BNsIJ6G3wilkPvWTe5bONw5bSNRswqXma6IaRHthnLtagm6CgxOoAjnrZEqxCaM3VO3duxdj03sZt0%3D&X-Amz-Signature=3252688b5136a96c187f0af16ee3f5a1e11eaf7dcfb1b26cc6e255b45827b8c2&X-Amz-SignedHeaders=host


at io.cucumber.core.plugin.MessageFormatter.writeMessage(MessageFormatter.java:32)
at io.cucumber.core.eventbus.AbstractEventPublisher.send(AbstractEventPublisher.java:51)
at io.cucumber.core.eventbus.AbstractEventBus.send(AbstractEventBus.java:12)
at io.cucumber.core.runtime.SynchronizedEventBus.send(SynchronizedEventBus.java:47)
at io.cucumber.core.runtime.CucumberExecutionContext.emitTestRunFinished(CucumberExecutionContext.java:124)
at io.cucumber.core.runtime.CucumberExecutionContext.finishTestRun(CucumberExecutionContext.java:104)
at io.cucumber.testng.TestNGCucumberRunner.finish(TestNGCucumberRunner.java:145)
at io.cucumber.testng.AbstractTestNGCucumberTests.tearDownClass(AbstractTestNGCucumberTests.java:57)
at java.base/jdk.internal.reflect.NativeMethodAccessorImpl.invoke0(Native Method)
at java.base/jdk.internal.reflect.NativeMethodAccessorImpl.invoke(NativeMethodAccessorImpl.java:77)
at java.base/jdk.internal.reflect.DelegatingMethodAccessorImpl.invoke(DelegatingMethodAccessorImpl.java:43)
at java.base/java.lang.reflect.Method.invoke(Method.java:568)
at org.testng.internal.invokers.MethodInvocationHelper.invokeMethod(MethodInvocationHelper.java:139)
at org.testng.internal.invokers.MethodInvocationHelper.invokeMethodConsideringTimeout(MethodInvocationHelper.java:69)
at org.testng.internal.invokers.ConfigInvoker.invokeConfigurationMethod(ConfigInvoker.java:393)
at org.testng.internal.invokers.ConfigInvoker.invokeConfigurations(ConfigInvoker.java:326)
at org.testng.internal.invokers.TestMethodWorker.invokeAfterClassConfigurations(TestMethodWorker.java:229)
at org.testng.internal.invokers.TestMethodWorker.invokeAfterClassMethods(TestMethodWorker.java:215)
at org.testng.internal.invokers.TestMethodWorker.run(TestMethodWorker.java:131)
at java.base/java.util.ArrayList.forEach(ArrayList.java:1511)
at org.testng.TestRunner.privateRun(TestRunner.java:819)
at org.testng.TestRunner.run(TestRunner.java:619)
at org.testng.SuiteRunner.runTest(SuiteRunner.java:443)
at org.testng.SuiteRunner.runSequentially(SuiteRunner.java:437)
at org.testng.SuiteRunner.privateRun(SuiteRunner.java:397)
at org.testng.SuiteRunner.run(SuiteRunner.java:336)
at org.testng.SuiteRunnerWorker.runSuite(SuiteRunnerWorker.java:52)
at org.testng.SuiteRunnerWorker.run(SuiteRunnerWorker.java:95)
at org.testng.TestNG.runSuitesSequentially(TestNG.java:1301)
at org.testng.TestNG.runSuitesLocally(TestNG.java:1228)
at org.testng.TestNG.runSuites(TestNG.java:1134)
at org.testng.TestNG.run(TestNG.java:1101)
at org.testng.remote.AbstractRemoteTestNG.run(AbstractRemoteTestNG.java:115)
at org.testng.remote.RemoteTestNG.initAndRun(RemoteTestNG.java:251)
at org.testng.remote.RemoteTestNG.main(RemoteTestNG.java:77)
Caused by: java.io.IOException: HTTP request failed:
> PUT https://cucumber-messages-app-s3bucket-61aropwgu4ox.s3.eu-west-3.amazonaws.com/reports/313e5483-65e2-4e30-90d9-5879076e143b?X-Amz-Algorithm=AWS4-HMAC-SHA256&X-Amz-Credential=ASIAWE4HTFKNYMCTPTGA%2F20240423%2Feu-west-3%2Fs3%2Faws4_request&X-Amz-Date=20240423T065346Z&X-Amz-Expires=900&X-Amz-Security-Token=IQoJb3JpZ2luX2VjECYaCWV1LXdlc3QtMyJIMEYCIQC2mD9q1Jca7rm6UuTRQ8lcPNA660s%2FTBoPywhfUMkAxgIhANzCfj1uiyQzKSyxOIcU8j8oRIJFxnrDeXZRv3KvUukNKr0DCG4QAxoMNDIyODAxNzc5MzU1Igwlfk6SnHFFDn0U28oqmgMUieNfLz4V6%2F4pn14dh3c2Ct%2BXYbRz%2FRG4lynk8QX%2FUMJ%2BRlJBW89AKMwYYXwwlH3FW5r0nrGRZaSSKEkVxnwEg%2FX%2FS54Rh9ZYUBa1O3TUopCVkMsnMJJ5IFzK3%2FEkvHpQIHpexBxirl%2BZcD2xC5u1ejB6JysoKHYFdtZCwCS4%2BuO%2BSW5DFJmUoQMO4nDFHChgK3lVwe46D7q%2BHAFeBdk9cwgR8eFxvtktdM%2FASVUgpfk%2F9MHTQQjiEbd34AZ0%2F9pV3j4kOaTl3JFzSGkyD8q4DzQefVHsuh0xHxHt3o3YrfN1xL2Tsy4w7%2BrJ5NgTSvvJs8qQWQLcRnAJPR%2FPZijJDdML87QQeFf1H51LkksHN6ajSB5Jt9wGM1EVf8P%2FGSlqCi0tmkau7%2F8SX3WM8ZEQ4oRRBBwp0wCUBw1TedNuuTLk3sLnNc1f%2FxfKjv59oqQ%2FLudFAknDLITwjRQwa9vq3PbLsgZOVYKtE%2FtjPJq9qe9d6he4DVunu32Hj8vL%2FGxUPqHhIRUO5fTR1%2F2aFI9ev5MaYko%2Bz6nwXjCXiJ2xBjqdAQuqoXpSlTsBToJW4x%2FlVdYtHYkr9JFFt15qE51vPiyUnYlB5say30Uja%2FTAhBDsGGkm%2FVMLh%2FFsb6gej%2BslUK20f4Y3cgJney3rHS1GTmVwj7Ht%2FyDHM6grRO%2BSA0Qu35brw%2BNsIJ6G3wilkPvWTe5bONw5bSNRswqXma6IaRHthnLtagm6CgxOoAjnrZEqxCaM3VO3duxdj03sZt0%3D&X-Amz-Signature=3252688b5136a96c187f0af16ee3f5a1e11eaf7dcfb1b26cc6e255b45827b8c2&X-Amz-SignedHeaders=host


at io.cucumber.core.plugin.UrlOutputStream.createCurlLikeException(UrlOutputStream.java:150)
at io.cucumber.core.plugin.UrlOutputStream.sendRequestBody(UrlOutputStream.java:116)
at io.cucumber.core.plugin.UrlOutputStream.sendRequest(UrlOutputStream.java:94)
at io.cucumber.core.plugin.UrlOutputStream.sendRequest(UrlOutputStream.java:90)
at io.cucumber.core.plugin.UrlOutputStream.close(UrlOutputStream.java:65)
at java.base/sun.nio.cs.StreamEncoder.implClose(StreamEncoder.java:347)
at java.base/sun.nio.cs.StreamEncoder.close(StreamEncoder.java:169)
at java.base/java.io.OutputStreamWriter.close(OutputStreamWriter.java:252)
at io.cucumber.core.plugin.MessageFormatter.writeMessage(MessageFormatter.java:29)
... 34 more
Caused by: java.net.ConnectException: Connection timed out: connect
at java.base/sun.nio.ch.Net.connect0(Native Method)
at java.base/sun.nio.ch.Net.connect(Net.java:579)
at java.base/sun.nio.ch.Net.connect(Net.java:568)
at java.base/sun.nio.ch.NioSocketImpl.connect(NioSocketImpl.java:593)
at java.base/java.net.SocksSocketImpl.connect(SocksSocketImpl.java:327)
at java.base/java.net.Socket.connect(Socket.java:633)
at java.base/sun.security.ssl.SSLSocketImpl.connect(SSLSocketImpl.java:304)
at java.base/sun.security.ssl.BaseSSLSocketImpl.connect(BaseSSLSocketImpl.java:174)
at java.base/sun.net.NetworkClient.doConnect(NetworkClient.java:183)
at java.base/sun.net.www.http.HttpClient.openServer(HttpClient.java:533)
at java.base/sun.net.www.http.HttpClient.openServer(HttpClient.java:638)
at java.base/sun.net.www.protocol.https.HttpsClient.<init>(HttpsClient.java:266)
at java.base/sun.net.www.protocol.https.HttpsClient.New(HttpsClient.java:380)
at java.base/sun.net.www.protocol.https.AbstractDelegateHttpsURLConnection.getNewHttpClient(AbstractDelegateHttpsURLConnection.java:193)
at java.base/sun.net.www.protocol.http.HttpURLConnection.plainConnect0(HttpURLConnection.java:1287)
at java.base/sun.net.www.protocol.http.HttpURLConnection.plainConnect(HttpURLConnection.java:1128)
at java.base/sun.net.www.protocol.https.AbstractDelegateHttpsURLConnection.connect(AbstractDelegateHttpsURLConnection.java:179)
at java.base/sun.net.www.protocol.http.HttpURLConnection.getOutputStream0(HttpURLConnection.java:1430)
at java.base/sun.net.www.protocol.http.HttpURLConnection.getOutputStream(HttpURLConnection.java:1401)
at java.base/sun.net.www.protocol.https.HttpsURLConnectionImpl.getOutputStream(HttpsURLConnectionImpl.java:220)
at io.cucumber.core.plugin.UrlOutputStream.sendRequestBody(UrlOutputStream.java:111)
... 41 more
]]>
            </full-stacktrace>
          </exception> <!-- java.lang.RuntimeException -->
          <reporter-output>
          </reporter-output>
        </test-method> <!-- tearDownClass -->
      </class> <!-- testRunner.TestRunner -->
    </test> <!-- Default test -->
  </suite> <!-- Default suite -->
</testng-results>
